<?xml version="1.0" encoding="UTF-8"?>
<robot generator="Robot 3.1.1 (Python 3.8.1 on win32)" generated="20200710 12:00:01.623" rpa="false">
<suite id="s1" name="3dot4CrLineMaintenance" source="C:\RobotFramework\PyCharm\NEXI\03OnlineFunctionalities\3dot4CrLineMaintenance.robot">
<test id="s1-t1" name="3dot4 Cr Line Maintenance">
<kw name="Test setup for 03 Setup" library="03SetupKeywords" type="setup">
<arguments>
<arg>${environment_name}</arg>
</arguments>
<kw name="Set environment2" library="Environments">
<arguments>
<arg>${environment name}</arg>
</arguments>
<kw name="Create Dictionary" library="BuiltIn">
<doc>Creates and returns a dictionary based on the given ``items``.</doc>
<arguments>
<arg>&amp;{environment}</arg>
<arg>owner=</arg>
<arg>appprefix=</arg>
<arg>jobprefix=</arg>
<arg>datasetprefix=</arg>
<arg>cicsk=</arg>
<arg>companynumber=</arg>
<arg>pool=</arg>
<arg>examplecompanyid=</arg>
</arguments>
<status status="PASS" starttime="20200710 12:00:02.108" endtime="20200710 12:00:02.108"></status>
</kw>
<kw name="Run Keyword If" library="BuiltIn">
<doc>Runs the given keyword with the given arguments, if ``condition`` is true.</doc>
<arguments>
<arg>'${environment name}'=='RLSEI'</arg>
<arg>Set RLSEI</arg>
</arguments>
<kw name="Set RLSEI" library="Environments">
<kw name="Set To Dictionary" library="Collections">
<doc>Adds the given ``key_value_pairs`` and ``items`` to the ``dictionary``.</doc>
<arguments>
<arg>${environment}</arg>
<arg>owner=RLSEI</arg>
</arguments>
<status status="PASS" starttime="20200710 12:00:02.108" endtime="20200710 12:00:02.108"></status>
</kw>
<kw name="Set To Dictionary" library="Collections">
<doc>Adds the given ``key_value_pairs`` and ``items`` to the ``dictionary``.</doc>
<arguments>
<arg>${environment}</arg>
<arg>appprefix=ICP</arg>
</arguments>
<status status="PASS" starttime="20200710 12:00:02.108" endtime="20200710 12:00:02.108"></status>
</kw>
<kw name="Set To Dictionary" library="Collections">
<doc>Adds the given ``key_value_pairs`` and ``items`` to the ``dictionary``.</doc>
<arguments>
<arg>${environment}</arg>
<arg>jobprefix=DBI</arg>
</arguments>
<status status="PASS" starttime="20200710 12:00:02.108" endtime="20200710 12:00:02.108"></status>
</kw>
<kw name="Set To Dictionary" library="Collections">
<doc>Adds the given ``key_value_pairs`` and ``items`` to the ``dictionary``.</doc>
<arguments>
<arg>${environment}</arg>
<arg>datasetprefix=icps.rlse.icr</arg>
</arguments>
<status status="PASS" starttime="20200710 12:00:02.108" endtime="20200710 12:00:02.108"></status>
</kw>
<kw name="Set To Dictionary" library="Collections">
<doc>Adds the given ``key_value_pairs`` and ``items`` to the ``dictionary``.</doc>
<arguments>
<arg>${environment}</arg>
<arg>cicsk=CK35</arg>
</arguments>
<status status="PASS" starttime="20200710 12:00:02.108" endtime="20200710 12:00:02.108"></status>
</kw>
<kw name="Set To Dictionary" library="Collections">
<doc>Adds the given ``key_value_pairs`` and ``items`` to the ``dictionary``.</doc>
<arguments>
<arg>${environment}</arg>
<arg>companynumber=30000</arg>
</arguments>
<status status="PASS" starttime="20200710 12:00:02.108" endtime="20200710 12:00:02.108"></status>
</kw>
<kw name="Set To Dictionary" library="Collections">
<doc>Adds the given ``key_value_pairs`` and ``items`` to the ``dictionary``.</doc>
<arguments>
<arg>${environment}</arg>
<arg>pool=${SPACE * 2}</arg>
</arguments>
<status status="PASS" starttime="20200710 12:00:02.108" endtime="20200710 12:00:02.108"></status>
</kw>
<kw name="Set To Dictionary" library="Collections">
<doc>Adds the given ``key_value_pairs`` and ``items`` to the ``dictionary``.</doc>
<arguments>
<arg>${environment}</arg>
<arg>examplecompanyid=03104</arg>
</arguments>
<status status="PASS" starttime="20200710 12:00:02.108" endtime="20200710 12:00:02.108"></status>
</kw>
<status status="PASS" starttime="20200710 12:00:02.108" endtime="20200710 12:00:02.108"></status>
</kw>
<status status="PASS" starttime="20200710 12:00:02.108" endtime="20200710 12:00:02.108"></status>
</kw>
<kw name="Run Keyword If" library="BuiltIn">
<doc>Runs the given keyword with the given arguments, if ``condition`` is true.</doc>
<arguments>
<arg>'${environment name}'=='SITITA04'</arg>
<arg>Set SITITA04</arg>
</arguments>
<status status="PASS" starttime="20200710 12:00:02.108" endtime="20200710 12:00:02.108"></status>
</kw>
<kw name="Run Keyword If" library="BuiltIn">
<doc>Runs the given keyword with the given arguments, if ``condition`` is true.</doc>
<arguments>
<arg>'${environment name}'=='IC6'</arg>
<arg>Set IC6</arg>
</arguments>
<status status="PASS" starttime="20200710 12:00:02.108" endtime="20200710 12:00:02.108"></status>
</kw>
<kw name="Run Keyword If" library="BuiltIn">
<doc>Runs the given keyword with the given arguments, if ``condition`` is true.</doc>
<arguments>
<arg>'${environment name}'=='IC7'</arg>
<arg>Set IC7</arg>
</arguments>
<status status="PASS" starttime="20200710 12:00:02.108" endtime="20200710 12:00:02.108"></status>
</kw>
<status status="PASS" starttime="20200710 12:00:02.108" endtime="20200710 12:00:02.108"></status>
</kw>
<kw name="Connect To Mainframe" library="SharedKeywords">
<doc>Connects to Mainframe using the following properties:</doc>
<kw name="Connect" library="py3270lib">
<doc>Connect to a host</doc>
<arguments>
<arg>Y:192.168.14.6:2399</arg>
</arguments>
<msg timestamp="20200710 12:00:03.139" level="WARN">[WinError 10061] No connection could be made because the target machine actively refused it</msg>
<msg timestamp="20200710 12:00:05.180" level="WARN">[WinError 10061] No connection could be made because the target machine actively refused it</msg>
<msg timestamp="20200710 12:00:07.212" level="WARN">[WinError 10061] No connection could be made because the target machine actively refused it</msg>
<msg timestamp="20200710 12:00:09.232" level="WARN">[WinError 10061] No connection could be made because the target machine actively refused it</msg>
<msg timestamp="20200710 12:00:11.248" level="WARN">[WinError 10061] No connection could be made because the target machine actively refused it</msg>
<status status="PASS" starttime="20200710 12:00:02.108" endtime="20200710 12:00:12.760"></status>
</kw>
<kw name="Sleep" library="BuiltIn">
<doc>Pauses the test executed for the given time.</doc>
<arguments>
<arg>2 seconds</arg>
</arguments>
<msg timestamp="20200710 12:00:14.760" level="INFO">Slept 2 seconds</msg>
<status status="PASS" starttime="20200710 12:00:12.760" endtime="20200710 12:00:14.760"></status>
</kw>
<kw name="Credential Getter" library="user_password">
<arguments>
<arg>Cams user</arg>
</arguments>
<assign>
<var>${Cams user}</var>
</assign>
<msg timestamp="20200710 12:00:14.760" level="INFO">${Cams user} = &lt;user_password.user_password.credential_getter.&lt;locals&gt;._cred_getter object at 0x000002887281F910&gt;</msg>
<status status="PASS" starttime="20200710 12:00:14.760" endtime="20200710 12:00:14.760"></status>
</kw>
<kw name="Fill Field By Label" library="py3270lib">
<arguments>
<arg>Userid:</arg>
<arg>${Cams user.user}</arg>
</arguments>
<status status="PASS" starttime="20200710 12:00:14.760" endtime="20200710 12:00:14.979"></status>
</kw>
<kw name="Set Log Level" library="BuiltIn">
<doc>Sets the log threshold to the specified level and returns the old level.</doc>
<arguments>
<arg>None</arg>
</arguments>
<status status="PASS" starttime="20200710 12:00:14.979" endtime="20200710 12:00:14.979"></status>
</kw>
<kw name="Fill Field By Label" library="py3270lib">
<arguments>
<arg>Password:</arg>
<arg>${Cams user.password}</arg>
</arguments>
<status status="PASS" starttime="20200710 12:00:14.979" endtime="20200710 12:00:15.417"></status>
</kw>
<kw name="Set Log Level" library="BuiltIn">
<doc>Sets the log threshold to the specified level and returns the old level.</doc>
<arguments>
<arg>Info</arg>
</arguments>
<msg timestamp="20200710 12:00:15.417" level="INFO">Log level changed from NONE to INFO.</msg>
<status status="PASS" starttime="20200710 12:00:15.417" endtime="20200710 12:00:15.417"></status>
</kw>
<kw name="String Found" library="py3270lib">
<doc>String Found verifies the the specified string (exactly) is found at the specified location.</doc>
<arguments>
<arg>12</arg>
<arg>25</arg>
<arg>P A Y M E N T \ \ S E R V I C E S \ \ F O R \ \ E U R O P E</arg>
</arguments>
<status status="PASS" starttime="20200710 12:00:15.417" endtime="20200710 12:00:15.417"></status>
</kw>
<kw name="Send Enter" library="py3270lib">
<doc>Send Enter performs the equivalent of pressing Enter on the keyboard in a terminal emulator.
Send Enter additionally performs the equivalent of a human operator in that it notes the current
content of the screen and after pressing enter waits for a change in what is on the screen.</doc>
<status status="PASS" starttime="20200710 12:00:15.417" endtime="20200710 12:00:15.840"></status>
</kw>
<kw name="Wait For Field" library="py3270lib">
<doc>Wait until the screen is ready, the cursor has been positioned
on a modifiable field, and the keyboard is unlocked.
Sometimes the server will "unlock" the keyboard but the screen will
not yet be ready.  In that case, an attempt to read or write to the
screen will result in a 'E' keyboard status because we tried to
read from a screen that is not yet ready.
Using this method tells the client to wait until a field is
detected and the cursor has been positioned on it.</doc>
<status status="PASS" starttime="20200710 12:00:15.840" endtime="20200710 12:00:15.840"></status>
</kw>
<kw name="Log Screen" library="py3270lib">
<doc>Log Screen adds an image of the current screen from the terminal emulator to the Robot
Framework test log.</doc>
<msg timestamp="20200710 12:00:15.840" level="INFO" html="yes">&lt;html&gt;
&lt;head&gt;
 &lt;meta http-equiv="Content-Type" content="text/html; charset=UTF-8"&gt;
&lt;/head&gt;
 &lt;body&gt;
  &lt;table border=0&gt;&lt;tr bgcolor=black&gt;&lt;td&gt;&lt;pre&gt;&lt;span style="color:deepSkyBlue;background:black;font-weight:normal;font-style:normal"&gt;                  &lt;/span&gt;&lt;span style="color:white;background:black;font-weight:normal;font-style:normal"&gt; MENU TUBES PER    EQTAUT4                &lt;/span&gt;&lt;span style="color:deepSkyBlue;background:black;font-weight:normal;font-style:normal"&gt; Panelid  - MIOMENU 
&lt;/span&gt;&lt;span style="color:red;background:black;font-weight:bold;font-style:normal"&gt; TII4012I Signon complete for EQTAUT4 IP address 192.168.50.130 PORT 53061      
&lt;/span&gt;&lt;span style="color:deepSkyBlue;background:black;font-weight:normal;font-style:normal"&gt;                                                             Terminal - TCPADMYP
 Menu=PF23         Jump=PF24         Help=PF1                Model    - 3278-4E 
 Fwd=PF8           Bwd=PF7                                   System   - PRDA    
                                                                                
    &lt;/span&gt;&lt;span style="color:white;background:black;font-weight:normal;font-style:normal"&gt; Sessid&lt;/span&gt;&lt;span style="color:deepSkyBlue;background:black;font-weight:normal;font-style:normal"&gt;     &lt;/span&gt;&lt;span style="color:white;background:black;font-weight:normal;font-style:normal"&gt; Sesskey&lt;/span&gt;&lt;span style="color:deepSkyBlue;background:black;font-weight:normal;font-style:normal"&gt;    &lt;/span&gt;&lt;span style="color:white;background:black;font-weight:normal;font-style:normal"&gt; Descrizione Sessione&lt;/span&gt;&lt;span style="color:deepSkyBlue;background:black;font-weight:normal;font-style:normal"&gt;           &lt;/span&gt;&lt;span style="color:white;background:black;font-weight:normal;font-style:normal"&gt; Stato&lt;/span&gt;&lt;span style="color:deepSkyBlue;background:black;font-weight:normal;font-style:normal"&gt;              
                                                                                
  &lt;/span&gt;&lt;span style="color:green;background:black;font-weight:bold;font-style:normal"&gt;  &lt;/span&gt;&lt;span style="color:green;background:black;font-weight:normal;font-style:normal"&gt; S5TSO       PF          EGKT------TSO ON DEV                               
  &lt;/span&gt;&lt;span style="color:green;background:black;font-weight:bold;font-style:normal"&gt;  &lt;/span&gt;&lt;span style="color:green;background:black;font-weight:normal;font-style:normal"&gt; TST         PF          TSO - TST1                                         
  &lt;/span&gt;&lt;span style="color:green;background:black;font-weight:bold;font-style:normal"&gt;  &lt;/span&gt;&lt;span style="color:green;background:black;font-weight:normal;font-style:normal"&gt; SART        PF          SAR - TST1                                         
  &lt;/span&gt;&lt;span style="color:green;background:black;font-weight:bold;font-style:normal"&gt;  &lt;/span&gt;&lt;span style="color:green;background:black;font-weight:normal;font-style:normal"&gt; SAREGKT     PF          SAR - EGKT                                         
  &lt;/span&gt;&lt;span style="color:green;background:black;font-weight:bold;font-style:normal"&gt;  &lt;/span&gt;&lt;span style="color:green;background:black;font-weight:normal;font-style:normal"&gt; CK0A        PF          EGKT - NEW CICS A progetto SAAN&lt;/span&gt;&lt;span style="color:red;background:black;font-weight:bold;font-style:normal"&gt;  N/A               
  &lt;/span&gt;&lt;span style="color:green;background:black;font-weight:bold;font-style:normal"&gt;  &lt;/span&gt;&lt;span style="color:green;background:black;font-weight:normal;font-style:normal"&gt; CK23A       PF          EGKT-CICSK23-COL1(CAMS) A                          
  &lt;/span&gt;&lt;span style="color:green;background:black;font-weight:bold;font-style:normal"&gt;  &lt;/span&gt;&lt;span style="color:green;background:black;font-weight:normal;font-style:normal"&gt; CK23B       PF          EGKT-CICSK23-COL1(CAMS) B                          
  &lt;/span&gt;&lt;span style="color:green;background:black;font-weight:bold;font-style:normal"&gt;  &lt;/span&gt;&lt;span style="color:green;background:black;font-weight:normal;font-style:normal"&gt; CK25        PF          EGKT------QUALITY ASSURANCE                        
  &lt;/span&gt;&lt;span style="color:green;background:black;font-weight:bold;font-style:normal"&gt;  &lt;/span&gt;&lt;span style="color:green;background:black;font-weight:normal;font-style:normal"&gt; CK0B        PF          EGKT - NEW CICS B progetto SAAN                    
  &lt;/span&gt;&lt;span style="color:green;background:black;font-weight:bold;font-style:normal"&gt;  &lt;/span&gt;&lt;span style="color:green;background:black;font-weight:normal;font-style:normal"&gt; GROT        PF          GEN. RES. BLT/? TOR SAANA EGKT                     
  &lt;/span&gt;&lt;span style="color:green;background:black;font-weight:bold;font-style:normal"&gt;  &lt;/span&gt;&lt;span style="color:green;background:black;font-weight:normal;font-style:normal"&gt; CK35        PF          EGKT-CICSK35-(TEST RLSE)                           
                                                                                
                                                                                
                                                                                
                                                                                
                                                                                
                                                                                
                                                                                
                                                                                
                                                                                
                                                                                
                                                                                
                                                                                
                                                                                
                                                                                
                                                                                
                                                                                
                                                                                
                                                                                
                                                                                
                                                                                
                                                                                
                                                                                
&lt;/span&gt;&lt;span style="color:deepSkyBlue;background:black;font-weight:normal;font-style:normal"&gt;                                                                                
&lt;/span&gt;&lt;span style="color:white;background:black;font-weight:normal;font-style:normal"&gt; Comando ===&amp;gt;&lt;/span&gt;&lt;span style="color:deepSkyBlue;background:black;font-weight:normal;font-style:normal"&gt; &lt;/span&gt;&lt;span style="color:black;background:red;font-weight:normal;font-style:normal"&gt; &lt;/span&gt;&lt;span style="color:deepSkyBlue;background:black;font-weight:normal;font-style:normal"&gt;                                                                &lt;/span&gt;&lt;span style="color:green;background:black;font-weight:normal;font-style:normal"&gt; 
&lt;/span&gt;&lt;/pre&gt;&lt;/td&gt;&lt;/tr&gt;
  &lt;/table&gt;
 &lt;/body&gt;
&lt;/html&gt;
</msg>
<status status="PASS" starttime="20200710 12:00:15.840" endtime="20200710 12:00:15.840"></status>
</kw>
<status status="PASS" starttime="20200710 12:00:02.108" endtime="20200710 12:00:15.840"></status>
</kw>
<kw name="Log out of TSO session" library="SharedKeywords">
<doc>Logs out of TSO session using *S5TSO* `Sessid`.</doc>
<kw name="Send Pf" library="py3270lib">
<arguments>
<arg>24</arg>
</arguments>
<status status="PASS" starttime="20200710 12:00:15.840" endtime="20200710 12:00:15.840"></status>
</kw>
<kw name="Send Pf7" library="py3270lib">
<status status="PASS" starttime="20200710 12:00:15.840" endtime="20200710 12:00:15.855"></status>
</kw>
<kw name="Fill Field By Label" library="py3270lib">
<arguments>
<arg>Comando ===&gt;</arg>
<arg>FIND S5TSO</arg>
</arguments>
<status status="PASS" starttime="20200710 12:00:15.855" endtime="20200710 12:00:18.481"></status>
</kw>
<kw name="Send Enter" library="py3270lib">
<doc>Send Enter performs the equivalent of pressing Enter on the keyboard in a terminal emulator.
Send Enter additionally performs the equivalent of a human operator in that it notes the current
content of the screen and after pressing enter waits for a change in what is on the screen.</doc>
<status status="PASS" starttime="20200710 12:00:18.481" endtime="20200710 12:00:18.903"></status>
</kw>
<kw name="Find Field" library="py3270lib">
<doc>:returns:  tuple consisting of row, column</doc>
<arguments>
<arg>S5TSO</arg>
<arg>RIGHT</arg>
</arguments>
<msg timestamp="20200710 12:00:19.231" level="INFO">to_right_end=80</msg>
<status status="PASS" starttime="20200710 12:00:18.903" endtime="20200710 12:00:19.341"></status>
</kw>
<kw name="Send String" library="py3270lib">
<doc>Send a string to the screen at the current cursor location or at
screen co-ordinates `ypos`/`xpos` if they are both given.
Co-ordinates are 1 based, as listed in the status area of the
terminal.</doc>
<arguments>
<arg>i</arg>
</arguments>
<status status="PASS" starttime="20200710 12:00:19.341" endtime="20200710 12:00:19.341"></status>
</kw>
<kw name="Send Enter" library="py3270lib">
<doc>Send Enter performs the equivalent of pressing Enter on the keyboard in a terminal emulator.
Send Enter additionally performs the equivalent of a human operator in that it notes the current
content of the screen and after pressing enter waits for a change in what is on the screen.</doc>
<status status="PASS" starttime="20200710 12:00:19.341" endtime="20200710 12:00:19.750"></status>
</kw>
<kw name="Sleep" library="BuiltIn">
<doc>Pauses the test executed for the given time.</doc>
<arguments>
<arg>1</arg>
</arguments>
<msg timestamp="20200710 12:00:20.750" level="INFO">Slept 1 second</msg>
<status status="PASS" starttime="20200710 12:00:19.750" endtime="20200710 12:00:20.750"></status>
</kw>
<status status="PASS" starttime="20200710 12:00:15.840" endtime="20200710 12:00:20.750"></status>
</kw>
<kw name="Log out of CICSK session" library="SharedKeywords">
<doc>Logs out of CICSK session using name of CICSK (e.g. CK35) that is set in `Set environment` Keyword.</doc>
<kw name="Send Pf" library="py3270lib">
<arguments>
<arg>24</arg>
</arguments>
<status status="PASS" starttime="20200710 12:00:20.750" endtime="20200710 12:00:20.750"></status>
</kw>
<kw name="Send Pf7" library="py3270lib">
<status status="PASS" starttime="20200710 12:00:20.750" endtime="20200710 12:00:20.750"></status>
</kw>
<kw name="Fill Field By Label" library="py3270lib">
<arguments>
<arg>Comando ===&gt;</arg>
<arg>FIND &amp;{environment}[cicsk]</arg>
</arguments>
<status status="PASS" starttime="20200710 12:00:20.750" endtime="20200710 12:00:23.375"></status>
</kw>
<kw name="Send Enter" library="py3270lib">
<doc>Send Enter performs the equivalent of pressing Enter on the keyboard in a terminal emulator.
Send Enter additionally performs the equivalent of a human operator in that it notes the current
content of the screen and after pressing enter waits for a change in what is on the screen.</doc>
<status status="PASS" starttime="20200710 12:00:23.375" endtime="20200710 12:00:23.797"></status>
</kw>
<kw name="Find Field" library="py3270lib">
<doc>:returns:  tuple consisting of row, column</doc>
<arguments>
<arg>&amp;{environment}[cicsk]</arg>
<arg>RIGHT</arg>
</arguments>
<msg timestamp="20200710 12:00:24.125" level="INFO">to_right_end=80</msg>
<status status="PASS" starttime="20200710 12:00:23.797" endtime="20200710 12:00:24.235"></status>
</kw>
<kw name="Send String" library="py3270lib">
<doc>Send a string to the screen at the current cursor location or at
screen co-ordinates `ypos`/`xpos` if they are both given.
Co-ordinates are 1 based, as listed in the status area of the
terminal.</doc>
<arguments>
<arg>i</arg>
</arguments>
<status status="PASS" starttime="20200710 12:00:24.235" endtime="20200710 12:00:24.235"></status>
</kw>
<kw name="Send Enter" library="py3270lib">
<doc>Send Enter performs the equivalent of pressing Enter on the keyboard in a terminal emulator.
Send Enter additionally performs the equivalent of a human operator in that it notes the current
content of the screen and after pressing enter waits for a change in what is on the screen.</doc>
<status status="PASS" starttime="20200710 12:00:24.235" endtime="20200710 12:00:24.657"></status>
</kw>
<kw name="Sleep" library="BuiltIn">
<doc>Pauses the test executed for the given time.</doc>
<arguments>
<arg>1</arg>
</arguments>
<msg timestamp="20200710 12:00:25.672" level="INFO">Slept 1 second</msg>
<status status="PASS" starttime="20200710 12:00:24.657" endtime="20200710 12:00:25.672"></status>
</kw>
<status status="PASS" starttime="20200710 12:00:20.750" endtime="20200710 12:00:25.672"></status>
</kw>
<kw name="Set UDFL" library="SharedKeywords">
<doc>Sets CICSK parameters in UDFL using company number and pool that are set in `Set environment` Keyword.</doc>
<kw name="Return From Keyword If" library="BuiltIn">
<doc>Returns from the enclosing user keyword if ``condition`` is true.</doc>
<arguments>
<arg>'&amp;{environment}[owner]'=='IC6'</arg>
</arguments>
<status status="PASS" starttime="20200710 12:00:25.672" endtime="20200710 12:00:25.672"></status>
</kw>
<kw name="Go to CICSK" library="SharedKeywords">
<doc>Opens CICSK session using name of CICSK (e.g. CK35) that is set in `Set environment` Keyword.</doc>
<kw name="Select menu Option" library="SharedKeywords">
<doc>Selects given *${Option}* from Menu Tubes screen.</doc>
<arguments>
<arg>&amp;{environment}[cicsk]</arg>
</arguments>
<kw name="Send Pf" library="py3270lib">
<arguments>
<arg>24</arg>
</arguments>
<status status="PASS" starttime="20200710 12:00:25.672" endtime="20200710 12:00:25.672"></status>
</kw>
<kw name="Send Pf7" library="py3270lib">
<status status="PASS" starttime="20200710 12:00:25.672" endtime="20200710 12:00:25.672"></status>
</kw>
<kw name="Fill Field By Label" library="py3270lib">
<arguments>
<arg>Comando ===&gt;</arg>
<arg>FIND ${Option}</arg>
</arguments>
<status status="PASS" starttime="20200710 12:00:25.672" endtime="20200710 12:00:28.297"></status>
</kw>
<kw name="Send Enter" library="py3270lib">
<doc>Send Enter performs the equivalent of pressing Enter on the keyboard in a terminal emulator.
Send Enter additionally performs the equivalent of a human operator in that it notes the current
content of the screen and after pressing enter waits for a change in what is on the screen.</doc>
<status status="PASS" starttime="20200710 12:00:28.297" endtime="20200710 12:00:28.719"></status>
</kw>
<kw name="Find Field" library="py3270lib">
<doc>:returns:  tuple consisting of row, column</doc>
<arguments>
<arg>${Option}</arg>
<arg>RIGHT</arg>
</arguments>
<msg timestamp="20200710 12:00:29.047" level="INFO">to_right_end=80</msg>
<status status="PASS" starttime="20200710 12:00:28.719" endtime="20200710 12:00:29.157"></status>
</kw>
<kw name="Send String" library="py3270lib">
<doc>Send a string to the screen at the current cursor location or at
screen co-ordinates `ypos`/`xpos` if they are both given.
Co-ordinates are 1 based, as listed in the status area of the
terminal.</doc>
<arguments>
<arg>S</arg>
</arguments>
<status status="PASS" starttime="20200710 12:00:29.157" endtime="20200710 12:00:29.157"></status>
</kw>
<kw name="Send Enter" library="py3270lib">
<doc>Send Enter performs the equivalent of pressing Enter on the keyboard in a terminal emulator.
Send Enter additionally performs the equivalent of a human operator in that it notes the current
content of the screen and after pressing enter waits for a change in what is on the screen.</doc>
<status status="PASS" starttime="20200710 12:00:29.157" endtime="20200710 12:00:29.594"></status>
</kw>
<kw name="Sleep" library="BuiltIn">
<doc>Pauses the test executed for the given time.</doc>
<arguments>
<arg>2 seconds</arg>
</arguments>
<msg timestamp="20200710 12:00:31.594" level="INFO">Slept 2 seconds</msg>
<status status="PASS" starttime="20200710 12:00:29.594" endtime="20200710 12:00:31.594"></status>
</kw>
<kw name="Log Screen" library="py3270lib">
<doc>Log Screen adds an image of the current screen from the terminal emulator to the Robot
Framework test log.</doc>
<msg timestamp="20200710 12:00:31.594" level="INFO" html="yes">&lt;html&gt;
&lt;head&gt;
 &lt;meta http-equiv="Content-Type" content="text/html; charset=UTF-8"&gt;
&lt;/head&gt;
 &lt;body&gt;
  &lt;table border=0&gt;&lt;tr bgcolor=black&gt;&lt;td&gt;&lt;pre&gt;&lt;span style="color:green;background:black;font-weight:normal;font-style:normal"&gt;&lt;/span&gt;&lt;span style="color:black;background:red;font-weight:normal;font-style:normal"&gt; &lt;/span&gt;&lt;span style="color:green;background:black;font-weight:normal;font-style:normal"&gt;                                                                               
                                                                                
                                                                                
                                                                                
                                                                                
                                                                                
                                                                                
                                                                                
                                                                                
                                                                                
                                                                                
                                                                                
                                                                                
                                                                                
                                                                                
                                                                                
                                                                                
                                                                                
                                                                                
                                                                                
                                                                                
                                                                                
                                                                                
                                                                                
&lt;/span&gt;&lt;/pre&gt;&lt;/td&gt;&lt;/tr&gt;
  &lt;/table&gt;
 &lt;/body&gt;
&lt;/html&gt;
</msg>
<status status="PASS" starttime="20200710 12:00:31.594" endtime="20200710 12:00:31.594"></status>
</kw>
<status status="PASS" starttime="20200710 12:00:25.672" endtime="20200710 12:00:31.594"></status>
</kw>
<kw name="Send Clear" library="py3270lib">
<status status="PASS" starttime="20200710 12:00:31.594" endtime="20200710 12:00:31.594"></status>
</kw>
<kw name="XCSR" library="SharedKeywords">
<doc>Opens refreshed screen of CICSK.</doc>
<kw name="Send Clear" library="py3270lib">
<status status="PASS" starttime="20200710 12:00:31.594" endtime="20200710 12:00:31.594"></status>
</kw>
<kw name="Send String" library="py3270lib">
<doc>Send a string to the screen at the current cursor location or at
screen co-ordinates `ypos`/`xpos` if they are both given.
Co-ordinates are 1 based, as listed in the status area of the
terminal.</doc>
<arguments>
<arg>xcsr</arg>
</arguments>
<status status="PASS" starttime="20200710 12:00:31.594" endtime="20200710 12:00:31.610"></status>
</kw>
<kw name="Send Enter" library="py3270lib">
<doc>Send Enter performs the equivalent of pressing Enter on the keyboard in a terminal emulator.
Send Enter additionally performs the equivalent of a human operator in that it notes the current
content of the screen and after pressing enter waits for a change in what is on the screen.</doc>
<status status="PASS" starttime="20200710 12:00:31.610" endtime="20200710 12:00:32.032"></status>
</kw>
<status status="PASS" starttime="20200710 12:00:31.594" endtime="20200710 12:00:32.032"></status>
</kw>
<kw name="String Found" library="py3270lib">
<doc>String Found verifies the the specified string (exactly) is found at the specified location.</doc>
<arguments>
<arg>3</arg>
<arg>1</arg>
<arg>MAIN MENU</arg>
</arguments>
<status status="PASS" starttime="20200710 12:00:32.032" endtime="20200710 12:00:32.032"></status>
</kw>
<status status="PASS" starttime="20200710 12:00:25.672" endtime="20200710 12:00:32.032"></status>
</kw>
<kw name="Send Clear" library="py3270lib">
<status status="PASS" starttime="20200710 12:00:32.032" endtime="20200710 12:00:32.032"></status>
</kw>
<kw name="Send String" library="py3270lib">
<doc>Send a string to the screen at the current cursor location or at
screen co-ordinates `ypos`/`xpos` if they are both given.
Co-ordinates are 1 based, as listed in the status area of the
terminal.</doc>
<arguments>
<arg>UDFL</arg>
</arguments>
<status status="PASS" starttime="20200710 12:00:32.032" endtime="20200710 12:00:32.032"></status>
</kw>
<kw name="Send Enter" library="py3270lib">
<doc>Send Enter performs the equivalent of pressing Enter on the keyboard in a terminal emulator.
Send Enter additionally performs the equivalent of a human operator in that it notes the current
content of the screen and after pressing enter waits for a change in what is on the screen.</doc>
<status status="PASS" starttime="20200710 12:00:32.032" endtime="20200710 12:00:32.454"></status>
</kw>
<kw name="Fill Field By Label" library="py3270lib">
<arguments>
<arg>Company Number =====&gt;</arg>
<arg>&amp;{environment}[companynumber]</arg>
</arguments>
<status status="PASS" starttime="20200710 12:00:32.454" endtime="20200710 12:00:33.110"></status>
</kw>
<kw name="Fill Field By Label" library="py3270lib">
<arguments>
<arg>DB2 Test Pool ID ===&gt;</arg>
<arg>&amp;{environment}[pool]</arg>
</arguments>
<status status="PASS" starttime="20200710 12:00:33.110" endtime="20200710 12:00:34.860"></status>
</kw>
<kw name="Send Pf4" library="py3270lib">
<status status="PASS" starttime="20200710 12:00:34.860" endtime="20200710 12:00:34.860"></status>
</kw>
<kw name="Run Keyword And Continue On Failure" library="BuiltIn">
<doc>Runs the keyword and continues execution even if a failure occurs.</doc>
<arguments>
<arg>string found</arg>
<arg>2</arg>
<arg>2</arg>
<arg>User defaults updated, new copy performed</arg>
</arguments>
<kw name="String Found" library="py3270lib">
<doc>String Found verifies the the specified string (exactly) is found at the specified location.</doc>
<arguments>
<arg>2</arg>
<arg>2</arg>
<arg>User defaults updated, new copy performed</arg>
</arguments>
<status status="PASS" starttime="20200710 12:00:34.860" endtime="20200710 12:00:34.860"></status>
</kw>
<status status="PASS" starttime="20200710 12:00:34.860" endtime="20200710 12:00:34.860"></status>
</kw>
<kw name="Get out of TSO/CICSK/SAREGKT" library="SharedKeywords">
<doc>Gets out of TSO/CICSK/SAREGKT screen and goes to Menu Tubes with all the sessions.</doc>
<kw name="Send Pf19" library="py3270lib">
<status status="PASS" starttime="20200710 12:00:34.876" endtime="20200710 12:00:34.876"></status>
</kw>
<kw name="Sleep" library="BuiltIn">
<doc>Pauses the test executed for the given time.</doc>
<arguments>
<arg>1</arg>
</arguments>
<msg timestamp="20200710 12:00:35.878" level="INFO">Slept 1 second</msg>
<status status="PASS" starttime="20200710 12:00:34.876" endtime="20200710 12:00:35.878"></status>
</kw>
<status status="PASS" starttime="20200710 12:00:34.876" endtime="20200710 12:00:35.878"></status>
</kw>
<kw name="Log out of CICSK session" library="SharedKeywords">
<doc>Logs out of CICSK session using name of CICSK (e.g. CK35) that is set in `Set environment` Keyword.</doc>
<kw name="Send Pf" library="py3270lib">
<arguments>
<arg>24</arg>
</arguments>
<status status="PASS" starttime="20200710 12:00:35.878" endtime="20200710 12:00:35.878"></status>
</kw>
<kw name="Send Pf7" library="py3270lib">
<status status="PASS" starttime="20200710 12:00:35.878" endtime="20200710 12:00:35.878"></status>
</kw>
<kw name="Fill Field By Label" library="py3270lib">
<arguments>
<arg>Comando ===&gt;</arg>
<arg>FIND &amp;{environment}[cicsk]</arg>
</arguments>
<status status="PASS" starttime="20200710 12:00:35.878" endtime="20200710 12:00:38.503"></status>
</kw>
<kw name="Send Enter" library="py3270lib">
<doc>Send Enter performs the equivalent of pressing Enter on the keyboard in a terminal emulator.
Send Enter additionally performs the equivalent of a human operator in that it notes the current
content of the screen and after pressing enter waits for a change in what is on the screen.</doc>
<status status="PASS" starttime="20200710 12:00:38.503" endtime="20200710 12:00:38.925"></status>
</kw>
<kw name="Find Field" library="py3270lib">
<doc>:returns:  tuple consisting of row, column</doc>
<arguments>
<arg>&amp;{environment}[cicsk]</arg>
<arg>RIGHT</arg>
</arguments>
<msg timestamp="20200710 12:00:39.253" level="INFO">to_right_end=80</msg>
<status status="PASS" starttime="20200710 12:00:38.925" endtime="20200710 12:00:39.363"></status>
</kw>
<kw name="Send String" library="py3270lib">
<doc>Send a string to the screen at the current cursor location or at
screen co-ordinates `ypos`/`xpos` if they are both given.
Co-ordinates are 1 based, as listed in the status area of the
terminal.</doc>
<arguments>
<arg>i</arg>
</arguments>
<status status="PASS" starttime="20200710 12:00:39.363" endtime="20200710 12:00:39.363"></status>
</kw>
<kw name="Send Enter" library="py3270lib">
<doc>Send Enter performs the equivalent of pressing Enter on the keyboard in a terminal emulator.
Send Enter additionally performs the equivalent of a human operator in that it notes the current
content of the screen and after pressing enter waits for a change in what is on the screen.</doc>
<status status="PASS" starttime="20200710 12:00:39.363" endtime="20200710 12:00:39.784"></status>
</kw>
<kw name="Sleep" library="BuiltIn">
<doc>Pauses the test executed for the given time.</doc>
<arguments>
<arg>1</arg>
</arguments>
<msg timestamp="20200710 12:00:40.785" level="INFO">Slept 1 second</msg>
<status status="PASS" starttime="20200710 12:00:39.784" endtime="20200710 12:00:40.785"></status>
</kw>
<status status="PASS" starttime="20200710 12:00:35.878" endtime="20200710 12:00:40.785"></status>
</kw>
<status status="PASS" starttime="20200710 12:00:25.672" endtime="20200710 12:00:40.785"></status>
</kw>
<status status="PASS" starttime="20200710 12:00:02.108" endtime="20200710 12:00:40.785"></status>
</kw>
<kw name="Set plastic expiration date" library="SharedKeywords">
<doc>Sets plastic expiration date as a test variable ${plCurExpDate} in format dd.mm.yyyy.
To do this takes online date and adds given number of days ${noOfDays}.</doc>
<arguments>
<arg>30</arg>
</arguments>
<kw name="Go to CICSK" library="SharedKeywords">
<doc>Opens CICSK session using name of CICSK (e.g. CK35) that is set in `Set environment` Keyword.</doc>
<kw name="Select menu Option" library="SharedKeywords">
<doc>Selects given *${Option}* from Menu Tubes screen.</doc>
<arguments>
<arg>&amp;{environment}[cicsk]</arg>
</arguments>
<kw name="Send Pf" library="py3270lib">
<arguments>
<arg>24</arg>
</arguments>
<status status="PASS" starttime="20200710 12:00:40.785" endtime="20200710 12:00:40.785"></status>
</kw>
<kw name="Send Pf7" library="py3270lib">
<status status="PASS" starttime="20200710 12:00:40.801" endtime="20200710 12:00:40.801"></status>
</kw>
<kw name="Fill Field By Label" library="py3270lib">
<arguments>
<arg>Comando ===&gt;</arg>
<arg>FIND ${Option}</arg>
</arguments>
<status status="PASS" starttime="20200710 12:00:40.801" endtime="20200710 12:00:43.426"></status>
</kw>
<kw name="Send Enter" library="py3270lib">
<doc>Send Enter performs the equivalent of pressing Enter on the keyboard in a terminal emulator.
Send Enter additionally performs the equivalent of a human operator in that it notes the current
content of the screen and after pressing enter waits for a change in what is on the screen.</doc>
<status status="PASS" starttime="20200710 12:00:43.426" endtime="20200710 12:00:43.848"></status>
</kw>
<kw name="Find Field" library="py3270lib">
<doc>:returns:  tuple consisting of row, column</doc>
<arguments>
<arg>${Option}</arg>
<arg>RIGHT</arg>
</arguments>
<msg timestamp="20200710 12:00:44.176" level="INFO">to_right_end=80</msg>
<status status="PASS" starttime="20200710 12:00:43.848" endtime="20200710 12:00:44.285"></status>
</kw>
<kw name="Send String" library="py3270lib">
<doc>Send a string to the screen at the current cursor location or at
screen co-ordinates `ypos`/`xpos` if they are both given.
Co-ordinates are 1 based, as listed in the status area of the
terminal.</doc>
<arguments>
<arg>S</arg>
</arguments>
<status status="PASS" starttime="20200710 12:00:44.285" endtime="20200710 12:00:44.285"></status>
</kw>
<kw name="Send Enter" library="py3270lib">
<doc>Send Enter performs the equivalent of pressing Enter on the keyboard in a terminal emulator.
Send Enter additionally performs the equivalent of a human operator in that it notes the current
content of the screen and after pressing enter waits for a change in what is on the screen.</doc>
<status status="PASS" starttime="20200710 12:00:44.285" endtime="20200710 12:00:44.723"></status>
</kw>
<kw name="Sleep" library="BuiltIn">
<doc>Pauses the test executed for the given time.</doc>
<arguments>
<arg>2 seconds</arg>
</arguments>
<msg timestamp="20200710 12:00:46.723" level="INFO">Slept 2 seconds</msg>
<status status="PASS" starttime="20200710 12:00:44.723" endtime="20200710 12:00:46.723"></status>
</kw>
<kw name="Log Screen" library="py3270lib">
<doc>Log Screen adds an image of the current screen from the terminal emulator to the Robot
Framework test log.</doc>
<msg timestamp="20200710 12:00:46.723" level="INFO" html="yes">&lt;html&gt;
&lt;head&gt;
 &lt;meta http-equiv="Content-Type" content="text/html; charset=UTF-8"&gt;
&lt;/head&gt;
 &lt;body&gt;
  &lt;table border=0&gt;&lt;tr bgcolor=black&gt;&lt;td&gt;&lt;pre&gt;&lt;span style="color:green;background:black;font-weight:normal;font-style:normal"&gt;&lt;/span&gt;&lt;span style="color:black;background:red;font-weight:normal;font-style:normal"&gt; &lt;/span&gt;&lt;span style="color:green;background:black;font-weight:normal;font-style:normal"&gt;                                                                               
                                                                                
                                                                                
                                                                                
                                                                                
                                                                                
                                                                                
                                                                                
                                                                                
                                                                                
                                                                                
                                                                                
                                                                                
                                                                                
                                                                                
                                                                                
                                                                                
                                                                                
                                                                                
                                                                                
                                                                                
                                                                                
                                                                                
                                                                                
&lt;/span&gt;&lt;/pre&gt;&lt;/td&gt;&lt;/tr&gt;
  &lt;/table&gt;
 &lt;/body&gt;
&lt;/html&gt;
</msg>
<status status="PASS" starttime="20200710 12:00:46.723" endtime="20200710 12:00:46.723"></status>
</kw>
<status status="PASS" starttime="20200710 12:00:40.785" endtime="20200710 12:00:46.723"></status>
</kw>
<kw name="Send Clear" library="py3270lib">
<status status="PASS" starttime="20200710 12:00:46.723" endtime="20200710 12:00:46.739"></status>
</kw>
<kw name="XCSR" library="SharedKeywords">
<doc>Opens refreshed screen of CICSK.</doc>
<kw name="Send Clear" library="py3270lib">
<status status="PASS" starttime="20200710 12:00:46.739" endtime="20200710 12:00:46.739"></status>
</kw>
<kw name="Send String" library="py3270lib">
<doc>Send a string to the screen at the current cursor location or at
screen co-ordinates `ypos`/`xpos` if they are both given.
Co-ordinates are 1 based, as listed in the status area of the
terminal.</doc>
<arguments>
<arg>xcsr</arg>
</arguments>
<status status="PASS" starttime="20200710 12:00:46.739" endtime="20200710 12:00:46.739"></status>
</kw>
<kw name="Send Enter" library="py3270lib">
<doc>Send Enter performs the equivalent of pressing Enter on the keyboard in a terminal emulator.
Send Enter additionally performs the equivalent of a human operator in that it notes the current
content of the screen and after pressing enter waits for a change in what is on the screen.</doc>
<status status="PASS" starttime="20200710 12:00:46.739" endtime="20200710 12:00:47.160"></status>
</kw>
<status status="PASS" starttime="20200710 12:00:46.739" endtime="20200710 12:00:47.160"></status>
</kw>
<kw name="String Found" library="py3270lib">
<doc>String Found verifies the the specified string (exactly) is found at the specified location.</doc>
<arguments>
<arg>3</arg>
<arg>1</arg>
<arg>MAIN MENU</arg>
</arguments>
<status status="PASS" starttime="20200710 12:00:47.160" endtime="20200710 12:00:47.160"></status>
</kw>
<status status="PASS" starttime="20200710 12:00:40.785" endtime="20200710 12:00:47.160"></status>
</kw>
<kw name="Send Clear" library="py3270lib">
<status status="PASS" starttime="20200710 12:00:47.160" endtime="20200710 12:00:47.285"></status>
</kw>
<kw name="XCSR" library="SharedKeywords">
<doc>Opens refreshed screen of CICSK.</doc>
<kw name="Send Clear" library="py3270lib">
<status status="PASS" starttime="20200710 12:00:47.285" endtime="20200710 12:00:47.285"></status>
</kw>
<kw name="Send String" library="py3270lib">
<doc>Send a string to the screen at the current cursor location or at
screen co-ordinates `ypos`/`xpos` if they are both given.
Co-ordinates are 1 based, as listed in the status area of the
terminal.</doc>
<arguments>
<arg>xcsr</arg>
</arguments>
<status status="PASS" starttime="20200710 12:00:47.285" endtime="20200710 12:00:47.285"></status>
</kw>
<kw name="Send Enter" library="py3270lib">
<doc>Send Enter performs the equivalent of pressing Enter on the keyboard in a terminal emulator.
Send Enter additionally performs the equivalent of a human operator in that it notes the current
content of the screen and after pressing enter waits for a change in what is on the screen.</doc>
<status status="PASS" starttime="20200710 12:00:47.285" endtime="20200710 12:00:47.707"></status>
</kw>
<status status="PASS" starttime="20200710 12:00:47.285" endtime="20200710 12:00:47.707"></status>
</kw>
<kw name="Get environment date" library="SharedKeywords">
<doc>Sets the ${online_date} variable.</doc>
<arguments>
<arg>&amp;{environment}[examplecompanyid]</arg>
</arguments>
<kw name="Send Clear" library="py3270lib">
<status status="PASS" starttime="20200710 12:00:47.707" endtime="20200710 12:00:47.739"></status>
</kw>
<kw name="Send String" library="py3270lib">
<doc>Send a string to the screen at the current cursor location or at
screen co-ordinates `ypos`/`xpos` if they are both given.
Co-ordinates are 1 based, as listed in the status area of the
terminal.</doc>
<arguments>
<arg>ucsc</arg>
</arguments>
<status status="PASS" starttime="20200710 12:00:47.739" endtime="20200710 12:00:47.739"></status>
</kw>
<kw name="Send Enter" library="py3270lib">
<doc>Send Enter performs the equivalent of pressing Enter on the keyboard in a terminal emulator.
Send Enter additionally performs the equivalent of a human operator in that it notes the current
content of the screen and after pressing enter waits for a change in what is on the screen.</doc>
<status status="PASS" starttime="20200710 12:00:47.739" endtime="20200710 12:00:48.210"></status>
</kw>
<kw name="Send String" library="py3270lib">
<doc>Send a string to the screen at the current cursor location or at
screen co-ordinates `ypos`/`xpos` if they are both given.
Co-ordinates are 1 based, as listed in the status area of the
terminal.</doc>
<arguments>
<arg>iicf</arg>
</arguments>
<status status="PASS" starttime="20200710 12:00:48.210" endtime="20200710 12:00:48.210"></status>
</kw>
<kw name="Send Enter" library="py3270lib">
<doc>Send Enter performs the equivalent of pressing Enter on the keyboard in a terminal emulator.
Send Enter additionally performs the equivalent of a human operator in that it notes the current
content of the screen and after pressing enter waits for a change in what is on the screen.</doc>
<status status="PASS" starttime="20200710 12:00:48.210" endtime="20200710 12:00:48.635"></status>
</kw>
<kw name="Log Screen" library="py3270lib">
<doc>Log Screen adds an image of the current screen from the terminal emulator to the Robot
Framework test log.</doc>
<msg timestamp="20200710 12:00:48.635" level="INFO" html="yes">&lt;html&gt;
&lt;head&gt;
 &lt;meta http-equiv="Content-Type" content="text/html; charset=UTF-8"&gt;
&lt;/head&gt;
 &lt;body&gt;
  &lt;table border=0&gt;&lt;tr bgcolor=black&gt;&lt;td&gt;&lt;pre&gt;&lt;span style="color:white;background:black;font-weight:normal;font-style:normal"&gt;                 &lt;/span&gt;&lt;span style="color:red;background:black;font-weight:bold;font-style:normal"&gt; ____&lt;/span&gt;&lt;span style="color:white;background:black;font-weight:bold;font-style:normal"&gt; IICF 0 UCS&lt;/span&gt;&lt;span style="color:deepSkyBlue;background:black;font-weight:normal;font-style:normal"&gt; ICF MAINT--COMPANY RECORD   &lt;/span&gt;&lt;span style="color:white;background:black;font-weight:bold;font-style:normal"&gt; 10072020 12.00.48
 IICF      &lt;/span&gt;&lt;span style="color:deepSkyBlue;background:black;font-weight:normal;font-style:normal"&gt; CO&lt;/span&gt;&lt;span style="color:white;background:black;font-weight:bold;font-style:normal"&gt; 30000&lt;/span&gt;&lt;span style="color:deepSkyBlue;background:black;font-weight:normal;font-style:normal"&gt; OP&lt;/span&gt;&lt;span style="color:red;background:black;font-weight:bold;font-style:normal"&gt; ____&lt;/span&gt;&lt;span style="color:red;background:black;font-weight:normal;font-style:normal"&gt;     &lt;/span&gt;&lt;span style="color:white;background:black;font-weight:normal;font-style:normal"&gt;       &lt;/span&gt;&lt;span style="color:deepSkyBlue;background:black;font-weight:normal;font-style:normal"&gt; MS&lt;/span&gt;&lt;span style="color:white;background:black;font-weight:bold;font-style:normal"&gt;  1298 ICF CTL REC INQ SUCCESSFUL    
                                                                                
&lt;/span&gt;&lt;span style="color:deepSkyBlue;background:black;font-weight:normal;font-style:normal"&gt; ACTION  &lt;/span&gt;&lt;span style="color:red;background:black;font-weight:bold;font-style:normal"&gt; &lt;/span&gt;&lt;span style="color:black;background:red;font-weight:bold;font-style:normal"&gt;I&lt;/span&gt;&lt;span style="color:red;background:black;font-weight:bold;font-style:normal"&gt;NQ                 &lt;/span&gt;&lt;span style="color:deepSkyBlue;background:black;font-weight:normal;font-style:normal"&gt;   (INQ,ADD,CHG,DEL)                              
 COID    &lt;/span&gt;&lt;span style="color:red;background:black;font-weight:bold;font-style:normal"&gt; 30000&lt;/span&gt;&lt;span style="color:deepSkyBlue;background:black;font-weight:normal;font-style:normal"&gt;     COMPANY NAME  &lt;/span&gt;&lt;span style="color:white;background:black;font-weight:bold;font-style:normal"&gt; BRAIN 2000 Issuing                      &lt;/span&gt;&lt;span style="color:deepSkyBlue;background:black;font-weight:normal;font-style:normal"&gt;     
                                                                                
                              BATCH CYCLE       ONLINE        NEXT              
 SYSTEM PROCESS DATES:        &lt;/span&gt;&lt;span style="color:white;background:black;font-weight:bold;font-style:normal"&gt;                            &lt;/span&gt;&lt;span style="color:red;background:black;font-weight:bold;font-style:normal"&gt; __________&lt;/span&gt;&lt;span style="color:deepSkyBlue;background:black;font-weight:normal;font-style:normal"&gt;           
                                                                                
                                                                                
         TAX YEAR END DATE                 &lt;/span&gt;&lt;span style="color:red;background:black;font-weight:bold;font-style:normal"&gt; __________&lt;/span&gt;&lt;span style="color:deepSkyBlue;background:black;font-weight:normal;font-style:normal"&gt;                          
         CURRENT TAX YEAR                  &lt;/span&gt;&lt;span style="color:red;background:black;font-weight:bold;font-style:normal"&gt; ___&lt;/span&gt;&lt;span style="color:deepSkyBlue;background:black;font-weight:normal;font-style:normal"&gt;                                 
         PREVIOUS TAX YEAR END DATE        &lt;/span&gt;&lt;span style="color:white;background:black;font-weight:bold;font-style:normal"&gt;           &lt;/span&gt;&lt;span style="color:deepSkyBlue;background:black;font-weight:normal;font-style:normal"&gt;                          
         MONTH END DATE                    &lt;/span&gt;&lt;span style="color:white;background:black;font-weight:bold;font-style:normal"&gt;           &lt;/span&gt;&lt;span style="color:deepSkyBlue;background:black;font-weight:normal;font-style:normal"&gt;                          
         QUARTER END DATE                  &lt;/span&gt;&lt;span style="color:white;background:black;font-weight:bold;font-style:normal"&gt;           &lt;/span&gt;&lt;span style="color:deepSkyBlue;background:black;font-weight:normal;font-style:normal"&gt;                          
         YEAR END DATE                     &lt;/span&gt;&lt;span style="color:white;background:black;font-weight:bold;font-style:normal"&gt;           &lt;/span&gt;&lt;span style="color:deepSkyBlue;background:black;font-weight:normal;font-style:normal"&gt;                          
         CURR MONTH - FIRST BUSINESS DATE  &lt;/span&gt;&lt;span style="color:white;background:black;font-weight:bold;font-style:normal"&gt;           &lt;/span&gt;&lt;span style="color:deepSkyBlue;background:black;font-weight:normal;font-style:normal"&gt;                          
         CURR MONTH - LAST BUSINESS DATE   &lt;/span&gt;&lt;span style="color:white;background:black;font-weight:bold;font-style:normal"&gt;           &lt;/span&gt;&lt;span style="color:deepSkyBlue;background:black;font-weight:normal;font-style:normal"&gt;                          
         PREV MONTH - LAST BUSINESS DATE   &lt;/span&gt;&lt;span style="color:white;background:black;font-weight:bold;font-style:normal"&gt;           &lt;/span&gt;&lt;span style="color:deepSkyBlue;background:black;font-weight:normal;font-style:normal"&gt;                          
         PREV BATCH CYCLE DATE             &lt;/span&gt;&lt;span style="color:white;background:black;font-weight:bold;font-style:normal"&gt;           &lt;/span&gt;&lt;span style="color:deepSkyBlue;background:black;font-weight:normal;font-style:normal"&gt;                          
                                                                                
                                                                                
 LAST MAINT:   DATE &lt;/span&gt;&lt;span style="color:white;background:black;font-weight:bold;font-style:normal"&gt;           &lt;/span&gt;&lt;span style="color:deepSkyBlue;background:black;font-weight:normal;font-style:normal"&gt;   TIME &lt;/span&gt;&lt;span style="color:white;background:black;font-weight:bold;font-style:normal"&gt;         &lt;/span&gt;&lt;span style="color:deepSkyBlue;background:black;font-weight:normal;font-style:normal"&gt;   BY &lt;/span&gt;&lt;span style="color:white;background:black;font-weight:bold;font-style:normal"&gt;         &lt;/span&gt;&lt;span style="color:deepSkyBlue;background:black;font-weight:normal;font-style:normal"&gt;   FROM &lt;/span&gt;&lt;span style="color:white;background:black;font-weight:bold;font-style:normal"&gt;         
 PF:&lt;/span&gt;&lt;span style="color:deepSkyBlue;background:black;font-weight:normal;font-style:normal"&gt; 4-CHG 5-ADD 6-INQ -DEL                                                     
&lt;/span&gt;&lt;/pre&gt;&lt;/td&gt;&lt;/tr&gt;
  &lt;/table&gt;
 &lt;/body&gt;
&lt;/html&gt;
</msg>
<status status="PASS" starttime="20200710 12:00:48.635" endtime="20200710 12:00:48.635"></status>
</kw>
<kw name="Fill Field By Label" library="py3270lib">
<arguments>
<arg>COID</arg>
<arg>${company id}</arg>
</arguments>
<status status="PASS" starttime="20200710 12:00:48.635" endtime="20200710 12:00:49.729"></status>
</kw>
<kw name="Send Pf6" library="py3270lib">
<status status="PASS" starttime="20200710 12:00:49.729" endtime="20200710 12:00:49.729"></status>
</kw>
<kw name="Log Screen" library="py3270lib">
<doc>Log Screen adds an image of the current screen from the terminal emulator to the Robot
Framework test log.</doc>
<msg timestamp="20200710 12:00:49.744" level="INFO" html="yes">&lt;html&gt;
&lt;head&gt;
 &lt;meta http-equiv="Content-Type" content="text/html; charset=UTF-8"&gt;
&lt;/head&gt;
 &lt;body&gt;
  &lt;table border=0&gt;&lt;tr bgcolor=black&gt;&lt;td&gt;&lt;pre&gt;&lt;span style="color:white;background:black;font-weight:normal;font-style:normal"&gt;                 &lt;/span&gt;&lt;span style="color:red;background:black;font-weight:bold;font-style:normal"&gt; ____&lt;/span&gt;&lt;span style="color:white;background:black;font-weight:bold;font-style:normal"&gt; IICF 0 UCS&lt;/span&gt;&lt;span style="color:deepSkyBlue;background:black;font-weight:normal;font-style:normal"&gt; ICF MAINT--COMPANY RECORD   &lt;/span&gt;&lt;span style="color:white;background:black;font-weight:bold;font-style:normal"&gt; 10072020 12.00.49
 IICF      &lt;/span&gt;&lt;span style="color:deepSkyBlue;background:black;font-weight:normal;font-style:normal"&gt; CO&lt;/span&gt;&lt;span style="color:white;background:black;font-weight:bold;font-style:normal"&gt; 30000&lt;/span&gt;&lt;span style="color:deepSkyBlue;background:black;font-weight:normal;font-style:normal"&gt; OP&lt;/span&gt;&lt;span style="color:red;background:black;font-weight:bold;font-style:normal"&gt; ____&lt;/span&gt;&lt;span style="color:red;background:black;font-weight:normal;font-style:normal"&gt;     &lt;/span&gt;&lt;span style="color:white;background:black;font-weight:normal;font-style:normal"&gt;       &lt;/span&gt;&lt;span style="color:deepSkyBlue;background:black;font-weight:normal;font-style:normal"&gt; MS&lt;/span&gt;&lt;span style="color:white;background:black;font-weight:bold;font-style:normal"&gt;  1298 ICF CTL REC INQ SUCCESSFUL    
                                                                                
&lt;/span&gt;&lt;span style="color:deepSkyBlue;background:black;font-weight:normal;font-style:normal"&gt; ACTION  &lt;/span&gt;&lt;span style="color:red;background:black;font-weight:bold;font-style:normal"&gt; &lt;/span&gt;&lt;span style="color:black;background:red;font-weight:bold;font-style:normal"&gt;I&lt;/span&gt;&lt;span style="color:red;background:black;font-weight:bold;font-style:normal"&gt;NQ                 &lt;/span&gt;&lt;span style="color:deepSkyBlue;background:black;font-weight:normal;font-style:normal"&gt;   (INQ,ADD,CHG,DEL)                              
 COID    &lt;/span&gt;&lt;span style="color:red;background:black;font-weight:bold;font-style:normal"&gt;  3104&lt;/span&gt;&lt;span style="color:deepSkyBlue;background:black;font-weight:normal;font-style:normal"&gt;     COMPANY NAME  &lt;/span&gt;&lt;span style="color:white;background:black;font-weight:bold;font-style:normal"&gt; Serv. BankAmericard                     &lt;/span&gt;&lt;span style="color:deepSkyBlue;background:black;font-weight:normal;font-style:normal"&gt;     
                                                                                
                              BATCH CYCLE       ONLINE        NEXT              
 SYSTEM PROCESS DATES:        &lt;/span&gt;&lt;span style="color:white;background:black;font-weight:bold;font-style:normal"&gt; 01/07/2020     09/07/2020  &lt;/span&gt;&lt;span style="color:red;background:black;font-weight:bold;font-style:normal"&gt; 10/07/2020&lt;/span&gt;&lt;span style="color:deepSkyBlue;background:black;font-weight:normal;font-style:normal"&gt;           
                                                                                
                                                                                
         TAX YEAR END DATE                 &lt;/span&gt;&lt;span style="color:red;background:black;font-weight:bold;font-style:normal"&gt; 31/12/2020&lt;/span&gt;&lt;span style="color:deepSkyBlue;background:black;font-weight:normal;font-style:normal"&gt;                          
         CURRENT TAX YEAR                  &lt;/span&gt;&lt;span style="color:red;background:black;font-weight:bold;font-style:normal"&gt; 120&lt;/span&gt;&lt;span style="color:deepSkyBlue;background:black;font-weight:normal;font-style:normal"&gt;                                 
         PREVIOUS TAX YEAR END DATE        &lt;/span&gt;&lt;span style="color:white;background:black;font-weight:bold;font-style:normal"&gt; 31/12/2019&lt;/span&gt;&lt;span style="color:deepSkyBlue;background:black;font-weight:normal;font-style:normal"&gt;                          
         MONTH END DATE                    &lt;/span&gt;&lt;span style="color:white;background:black;font-weight:bold;font-style:normal"&gt; 31/07/2020&lt;/span&gt;&lt;span style="color:deepSkyBlue;background:black;font-weight:normal;font-style:normal"&gt;                          
         QUARTER END DATE                  &lt;/span&gt;&lt;span style="color:white;background:black;font-weight:bold;font-style:normal"&gt; 30/09/2020&lt;/span&gt;&lt;span style="color:deepSkyBlue;background:black;font-weight:normal;font-style:normal"&gt;                          
         YEAR END DATE                     &lt;/span&gt;&lt;span style="color:white;background:black;font-weight:bold;font-style:normal"&gt; 31/12/2020&lt;/span&gt;&lt;span style="color:deepSkyBlue;background:black;font-weight:normal;font-style:normal"&gt;                          
         CURR MONTH - FIRST BUSINESS DATE  &lt;/span&gt;&lt;span style="color:white;background:black;font-weight:bold;font-style:normal"&gt; 01/07/2020&lt;/span&gt;&lt;span style="color:deepSkyBlue;background:black;font-weight:normal;font-style:normal"&gt;                          
         CURR MONTH - LAST BUSINESS DATE   &lt;/span&gt;&lt;span style="color:white;background:black;font-weight:bold;font-style:normal"&gt; 31/07/2020&lt;/span&gt;&lt;span style="color:deepSkyBlue;background:black;font-weight:normal;font-style:normal"&gt;                          
         PREV MONTH - LAST BUSINESS DATE   &lt;/span&gt;&lt;span style="color:white;background:black;font-weight:bold;font-style:normal"&gt; 30/06/2020&lt;/span&gt;&lt;span style="color:deepSkyBlue;background:black;font-weight:normal;font-style:normal"&gt;                          
         PREV BATCH CYCLE DATE             &lt;/span&gt;&lt;span style="color:white;background:black;font-weight:bold;font-style:normal"&gt; 30/06/2020&lt;/span&gt;&lt;span style="color:deepSkyBlue;background:black;font-weight:normal;font-style:normal"&gt;                          
                                                                                
                                                                                
 LAST MAINT:   DATE &lt;/span&gt;&lt;span style="color:white;background:black;font-weight:bold;font-style:normal"&gt; 09/07/2020&lt;/span&gt;&lt;span style="color:deepSkyBlue;background:black;font-weight:normal;font-style:normal"&gt;   TIME &lt;/span&gt;&lt;span style="color:white;background:black;font-weight:bold;font-style:normal"&gt; 13.28.29&lt;/span&gt;&lt;span style="color:deepSkyBlue;background:black;font-weight:normal;font-style:normal"&gt;   BY &lt;/span&gt;&lt;span style="color:white;background:black;font-weight:bold;font-style:normal"&gt; DBIIPR10&lt;/span&gt;&lt;span style="color:deepSkyBlue;background:black;font-weight:normal;font-style:normal"&gt;   FROM &lt;/span&gt;&lt;span style="color:white;background:black;font-weight:bold;font-style:normal"&gt;         
 PF:&lt;/span&gt;&lt;span style="color:deepSkyBlue;background:black;font-weight:normal;font-style:normal"&gt; 4-CHG 5-ADD 6-INQ -DEL                                                     
&lt;/span&gt;&lt;/pre&gt;&lt;/td&gt;&lt;/tr&gt;
  &lt;/table&gt;
 &lt;/body&gt;
&lt;/html&gt;
</msg>
<status status="PASS" starttime="20200710 12:00:49.729" endtime="20200710 12:00:49.744"></status>
</kw>
<kw name="String Get" library="py3270lib">
<doc>String Get accepts the ypos and xpos of the string to retrieve.  Optionally, a fixed length 
may be specified or a termination string may be specified.  The default terminator is 2 spaces.
When a terminator is used, String Get will return all characters up until the terminator.</doc>
<arguments>
<arg>8</arg>
<arg>47</arg>
</arguments>
<assign>
<var>${online_date}</var>
</assign>
<msg timestamp="20200710 12:00:49.744" level="INFO">${online_date} = 09/07/2020</msg>
<status status="PASS" starttime="20200710 12:00:49.744" endtime="20200710 12:00:49.744"></status>
</kw>
<kw name="Replace String" library="String">
<doc>Replaces ``search_for`` in the given ``string`` with ``replace_with``.</doc>
<arguments>
<arg>${online_date}</arg>
<arg>/</arg>
<arg>.</arg>
</arguments>
<assign>
<var>${online_date}</var>
</assign>
<msg timestamp="20200710 12:00:49.744" level="INFO">${online_date} = 09.07.2020</msg>
<status status="PASS" starttime="20200710 12:00:49.744" endtime="20200710 12:00:49.744"></status>
</kw>
<kw name="Set Test Variable" library="BuiltIn">
<doc>Makes a variable available everywhere within the scope of the current test.</doc>
<arguments>
<arg>${online_date}</arg>
</arguments>
<msg timestamp="20200710 12:00:49.744" level="INFO">${online_date} = 09.07.2020</msg>
<status status="PASS" starttime="20200710 12:00:49.744" endtime="20200710 12:00:49.744"></status>
</kw>
<kw name="String Get" library="py3270lib">
<doc>String Get accepts the ypos and xpos of the string to retrieve.  Optionally, a fixed length 
may be specified or a termination string may be specified.  The default terminator is 2 spaces.
When a terminator is used, String Get will return all characters up until the terminator.</doc>
<arguments>
<arg>8</arg>
<arg>32</arg>
</arguments>
<assign>
<var>${batch_date}</var>
</assign>
<msg timestamp="20200710 12:00:49.744" level="INFO">${batch_date} = 01/07/2020</msg>
<status status="PASS" starttime="20200710 12:00:49.744" endtime="20200710 12:00:49.744"></status>
</kw>
<kw name="Replace String" library="String">
<doc>Replaces ``search_for`` in the given ``string`` with ``replace_with``.</doc>
<arguments>
<arg>${batch_date}</arg>
<arg>/</arg>
<arg>.</arg>
</arguments>
<assign>
<var>${batch_date}</var>
</assign>
<msg timestamp="20200710 12:00:49.744" level="INFO">${batch_date} = 01.07.2020</msg>
<status status="PASS" starttime="20200710 12:00:49.744" endtime="20200710 12:00:49.744"></status>
</kw>
<kw name="Set Test Variable" library="BuiltIn">
<doc>Makes a variable available everywhere within the scope of the current test.</doc>
<arguments>
<arg>${batch_date}</arg>
</arguments>
<msg timestamp="20200710 12:00:49.744" level="INFO">${batch_date} = 01.07.2020</msg>
<status status="PASS" starttime="20200710 12:00:49.744" endtime="20200710 12:00:49.744"></status>
</kw>
<status status="PASS" starttime="20200710 12:00:47.707" endtime="20200710 12:00:49.744"></status>
</kw>
<kw name="Log Screen" library="py3270lib">
<doc>Log Screen adds an image of the current screen from the terminal emulator to the Robot
Framework test log.</doc>
<msg timestamp="20200710 12:00:49.744" level="INFO" html="yes">&lt;html&gt;
&lt;head&gt;
 &lt;meta http-equiv="Content-Type" content="text/html; charset=UTF-8"&gt;
&lt;/head&gt;
 &lt;body&gt;
  &lt;table border=0&gt;&lt;tr bgcolor=black&gt;&lt;td&gt;&lt;pre&gt;&lt;span style="color:white;background:black;font-weight:normal;font-style:normal"&gt;                 &lt;/span&gt;&lt;span style="color:red;background:black;font-weight:bold;font-style:normal"&gt; ____&lt;/span&gt;&lt;span style="color:white;background:black;font-weight:bold;font-style:normal"&gt; IICF 0 UCS&lt;/span&gt;&lt;span style="color:deepSkyBlue;background:black;font-weight:normal;font-style:normal"&gt; ICF MAINT--COMPANY RECORD   &lt;/span&gt;&lt;span style="color:white;background:black;font-weight:bold;font-style:normal"&gt; 10072020 12.00.49
 IICF      &lt;/span&gt;&lt;span style="color:deepSkyBlue;background:black;font-weight:normal;font-style:normal"&gt; CO&lt;/span&gt;&lt;span style="color:white;background:black;font-weight:bold;font-style:normal"&gt; 30000&lt;/span&gt;&lt;span style="color:deepSkyBlue;background:black;font-weight:normal;font-style:normal"&gt; OP&lt;/span&gt;&lt;span style="color:red;background:black;font-weight:bold;font-style:normal"&gt; ____&lt;/span&gt;&lt;span style="color:red;background:black;font-weight:normal;font-style:normal"&gt;     &lt;/span&gt;&lt;span style="color:white;background:black;font-weight:normal;font-style:normal"&gt;       &lt;/span&gt;&lt;span style="color:deepSkyBlue;background:black;font-weight:normal;font-style:normal"&gt; MS&lt;/span&gt;&lt;span style="color:white;background:black;font-weight:bold;font-style:normal"&gt;  1298 ICF CTL REC INQ SUCCESSFUL    
                                                                                
&lt;/span&gt;&lt;span style="color:deepSkyBlue;background:black;font-weight:normal;font-style:normal"&gt; ACTION  &lt;/span&gt;&lt;span style="color:red;background:black;font-weight:bold;font-style:normal"&gt; &lt;/span&gt;&lt;span style="color:black;background:red;font-weight:bold;font-style:normal"&gt;I&lt;/span&gt;&lt;span style="color:red;background:black;font-weight:bold;font-style:normal"&gt;NQ                 &lt;/span&gt;&lt;span style="color:deepSkyBlue;background:black;font-weight:normal;font-style:normal"&gt;   (INQ,ADD,CHG,DEL)                              
 COID    &lt;/span&gt;&lt;span style="color:red;background:black;font-weight:bold;font-style:normal"&gt;  3104&lt;/span&gt;&lt;span style="color:deepSkyBlue;background:black;font-weight:normal;font-style:normal"&gt;     COMPANY NAME  &lt;/span&gt;&lt;span style="color:white;background:black;font-weight:bold;font-style:normal"&gt; Serv. BankAmericard                     &lt;/span&gt;&lt;span style="color:deepSkyBlue;background:black;font-weight:normal;font-style:normal"&gt;     
                                                                                
                              BATCH CYCLE       ONLINE        NEXT              
 SYSTEM PROCESS DATES:        &lt;/span&gt;&lt;span style="color:white;background:black;font-weight:bold;font-style:normal"&gt; 01/07/2020     09/07/2020  &lt;/span&gt;&lt;span style="color:red;background:black;font-weight:bold;font-style:normal"&gt; 10/07/2020&lt;/span&gt;&lt;span style="color:deepSkyBlue;background:black;font-weight:normal;font-style:normal"&gt;           
                                                                                
                                                                                
         TAX YEAR END DATE                 &lt;/span&gt;&lt;span style="color:red;background:black;font-weight:bold;font-style:normal"&gt; 31/12/2020&lt;/span&gt;&lt;span style="color:deepSkyBlue;background:black;font-weight:normal;font-style:normal"&gt;                          
         CURRENT TAX YEAR                  &lt;/span&gt;&lt;span style="color:red;background:black;font-weight:bold;font-style:normal"&gt; 120&lt;/span&gt;&lt;span style="color:deepSkyBlue;background:black;font-weight:normal;font-style:normal"&gt;                                 
         PREVIOUS TAX YEAR END DATE        &lt;/span&gt;&lt;span style="color:white;background:black;font-weight:bold;font-style:normal"&gt; 31/12/2019&lt;/span&gt;&lt;span style="color:deepSkyBlue;background:black;font-weight:normal;font-style:normal"&gt;                          
         MONTH END DATE                    &lt;/span&gt;&lt;span style="color:white;background:black;font-weight:bold;font-style:normal"&gt; 31/07/2020&lt;/span&gt;&lt;span style="color:deepSkyBlue;background:black;font-weight:normal;font-style:normal"&gt;                          
         QUARTER END DATE                  &lt;/span&gt;&lt;span style="color:white;background:black;font-weight:bold;font-style:normal"&gt; 30/09/2020&lt;/span&gt;&lt;span style="color:deepSkyBlue;background:black;font-weight:normal;font-style:normal"&gt;                          
         YEAR END DATE                     &lt;/span&gt;&lt;span style="color:white;background:black;font-weight:bold;font-style:normal"&gt; 31/12/2020&lt;/span&gt;&lt;span style="color:deepSkyBlue;background:black;font-weight:normal;font-style:normal"&gt;                          
         CURR MONTH - FIRST BUSINESS DATE  &lt;/span&gt;&lt;span style="color:white;background:black;font-weight:bold;font-style:normal"&gt; 01/07/2020&lt;/span&gt;&lt;span style="color:deepSkyBlue;background:black;font-weight:normal;font-style:normal"&gt;                          
         CURR MONTH - LAST BUSINESS DATE   &lt;/span&gt;&lt;span style="color:white;background:black;font-weight:bold;font-style:normal"&gt; 31/07/2020&lt;/span&gt;&lt;span style="color:deepSkyBlue;background:black;font-weight:normal;font-style:normal"&gt;                          
         PREV MONTH - LAST BUSINESS DATE   &lt;/span&gt;&lt;span style="color:white;background:black;font-weight:bold;font-style:normal"&gt; 30/06/2020&lt;/span&gt;&lt;span style="color:deepSkyBlue;background:black;font-weight:normal;font-style:normal"&gt;                          
         PREV BATCH CYCLE DATE             &lt;/span&gt;&lt;span style="color:white;background:black;font-weight:bold;font-style:normal"&gt; 30/06/2020&lt;/span&gt;&lt;span style="color:deepSkyBlue;background:black;font-weight:normal;font-style:normal"&gt;                          
                                                                                
                                                                                
 LAST MAINT:   DATE &lt;/span&gt;&lt;span style="color:white;background:black;font-weight:bold;font-style:normal"&gt; 09/07/2020&lt;/span&gt;&lt;span style="color:deepSkyBlue;background:black;font-weight:normal;font-style:normal"&gt;   TIME &lt;/span&gt;&lt;span style="color:white;background:black;font-weight:bold;font-style:normal"&gt; 13.28.29&lt;/span&gt;&lt;span style="color:deepSkyBlue;background:black;font-weight:normal;font-style:normal"&gt;   BY &lt;/span&gt;&lt;span style="color:white;background:black;font-weight:bold;font-style:normal"&gt; DBIIPR10&lt;/span&gt;&lt;span style="color:deepSkyBlue;background:black;font-weight:normal;font-style:normal"&gt;   FROM &lt;/span&gt;&lt;span style="color:white;background:black;font-weight:bold;font-style:normal"&gt;         
 PF:&lt;/span&gt;&lt;span style="color:deepSkyBlue;background:black;font-weight:normal;font-style:normal"&gt; 4-CHG 5-ADD 6-INQ -DEL                                                     
&lt;/span&gt;&lt;/pre&gt;&lt;/td&gt;&lt;/tr&gt;
  &lt;/table&gt;
 &lt;/body&gt;
&lt;/html&gt;
</msg>
<status status="PASS" starttime="20200710 12:00:49.744" endtime="20200710 12:00:49.744"></status>
</kw>
<kw name="Future date" library="SharedKeywords">
<doc>For given date ${date} in format dd.mm.yyyy, e.g. online date, converts format and adds number of days 30.
After that converts future date in format to dd.mm.yyyy.</doc>
<arguments>
<arg>${online_date}</arg>
<arg>${noOfDays}</arg>
</arguments>
<assign>
<var>${plCurExpDate}</var>
</assign>
<kw name="Convert Date" library="DateTime">
<doc>Converts between supported `date formats`.</doc>
<arguments>
<arg>${date}</arg>
<arg>date_format=%d.%m.%Y</arg>
</arguments>
<assign>
<var>${convDate}</var>
</assign>
<msg timestamp="20200710 12:00:49.760" level="INFO">${convDate} = 2020-07-09 00:00:00.000</msg>
<status status="PASS" starttime="20200710 12:00:49.760" endtime="20200710 12:00:49.760"></status>
</kw>
<kw name="Log" library="BuiltIn">
<doc>Logs the given message with the given level.</doc>
<arguments>
<arg>${convDate}</arg>
</arguments>
<msg timestamp="20200710 12:00:49.760" level="INFO">2020-07-09 00:00:00.000</msg>
<status status="PASS" starttime="20200710 12:00:49.760" endtime="20200710 12:00:49.760"></status>
</kw>
<kw name="Add Time To Date" library="DateTime">
<doc>Adds time to date and returns the resulting date.</doc>
<arguments>
<arg>${convDate}</arg>
<arg>${noOfDays} days</arg>
</arguments>
<assign>
<var>${futureDate}</var>
</assign>
<msg timestamp="20200710 12:00:49.760" level="INFO">${futureDate} = 2020-08-08 00:00:00.000</msg>
<status status="PASS" starttime="20200710 12:00:49.760" endtime="20200710 12:00:49.760"></status>
</kw>
<kw name="Log" library="BuiltIn">
<doc>Logs the given message with the given level.</doc>
<arguments>
<arg>${futureDate}</arg>
</arguments>
<msg timestamp="20200710 12:00:49.760" level="INFO">2020-08-08 00:00:00.000</msg>
<status status="PASS" starttime="20200710 12:00:49.760" endtime="20200710 12:00:49.760"></status>
</kw>
<kw name="Convert Date" library="DateTime">
<doc>Converts between supported `date formats`.</doc>
<arguments>
<arg>${futureDate}</arg>
<arg>result_format=%d.%m.%Y</arg>
</arguments>
<assign>
<var>${futureDate}</var>
</assign>
<msg timestamp="20200710 12:00:49.775" level="INFO">${futureDate} = 08.08.2020</msg>
<status status="PASS" starttime="20200710 12:00:49.775" endtime="20200710 12:00:49.775"></status>
</kw>
<kw name="Log" library="BuiltIn">
<doc>Logs the given message with the given level.</doc>
<arguments>
<arg>${futureDate}</arg>
</arguments>
<msg timestamp="20200710 12:00:49.775" level="INFO">08.08.2020</msg>
<status status="PASS" starttime="20200710 12:00:49.775" endtime="20200710 12:00:49.775"></status>
</kw>
<msg timestamp="20200710 12:00:49.775" level="INFO">${plCurExpDate} = 08.08.2020</msg>
<status status="PASS" starttime="20200710 12:00:49.760" endtime="20200710 12:00:49.775"></status>
</kw>
<kw name="Set Test Variable" library="BuiltIn">
<doc>Makes a variable available everywhere within the scope of the current test.</doc>
<arguments>
<arg>${plCurExpDate}</arg>
</arguments>
<msg timestamp="20200710 12:00:49.775" level="INFO">${plCurExpDate} = 08.08.2020</msg>
<status status="PASS" starttime="20200710 12:00:49.775" endtime="20200710 12:00:49.775"></status>
</kw>
<kw name="Log" library="BuiltIn">
<doc>Logs the given message with the given level.</doc>
<arguments>
<arg>${plCurExpDate}</arg>
</arguments>
<msg timestamp="20200710 12:00:49.775" level="INFO">08.08.2020</msg>
<status status="PASS" starttime="20200710 12:00:49.775" endtime="20200710 12:00:49.775"></status>
</kw>
<kw name="Get out of TSO/CICSK/SAREGKT" library="SharedKeywords">
<doc>Gets out of TSO/CICSK/SAREGKT screen and goes to Menu Tubes with all the sessions.</doc>
<kw name="Send Pf19" library="py3270lib">
<status status="PASS" starttime="20200710 12:00:49.775" endtime="20200710 12:00:49.775"></status>
</kw>
<kw name="Sleep" library="BuiltIn">
<doc>Pauses the test executed for the given time.</doc>
<arguments>
<arg>1</arg>
</arguments>
<msg timestamp="20200710 12:00:50.775" level="INFO">Slept 1 second</msg>
<status status="PASS" starttime="20200710 12:00:49.775" endtime="20200710 12:00:50.775"></status>
</kw>
<status status="PASS" starttime="20200710 12:00:49.775" endtime="20200710 12:00:50.775"></status>
</kw>
<status status="PASS" starttime="20200710 12:00:40.785" endtime="20200710 12:00:50.775"></status>
</kw>
<kw name="Log in to TSO" library="SharedKeywords">
<doc>Logs into TSO using *S5TSO*.</doc>
<kw name="Select menu Option" library="SharedKeywords">
[...]
&lt;/head&gt;
 &lt;body&gt;
  &lt;table border=0&gt;&lt;tr bgcolor=black&gt;&lt;td&gt;&lt;pre&gt;&lt;span style="color:white;background:black;font-weight:bold;font-style:normal"&gt;  Process   Options   Utilities   Help &lt;/span&gt;&lt;span style="color:green;background:black;font-weight:normal;font-style:normal"&gt;                                         
&lt;/span&gt;&lt;span style="color:deepSkyBlue;background:black;font-weight:normal;font-style:normal"&gt; â”€â”€â”€â”€â”€â”€â”€â”€â”€â”€â”€â”€â”€â”€â”€â”€â”€â”€â”€â”€â”€â”€â”€â”€â”€â”€â”€â”€â”€â”€â”€â”€â”€â”€â”€â”€â”€â”€â”€â”€â”€â”€â”€â”€â”€â”€â”€â”€â”€â”€â”€â”€â”€â”€â”€â”€â”€â”€â”€â”€â”€â”€â”€â”€â”€â”€â”€â”€â”€â”€â”€â”€â”€â”€â”€â”€â”€â”€â”€
 EGKT 2 (DB3)               Select Statement Browse   &lt;/span&gt;&lt;span style="color:turquoise;background:black;font-weight:normal;font-style:normal"&gt;                 Top of 4&lt;/span&gt;&lt;span style="color:green;background:black;font-weight:normal;font-style:normal"&gt; 
 Command ===&amp;gt;&lt;/span&gt;&lt;span style="color:turquoise;background:black;font-weight:normal;font-style:normal"&gt; &lt;/span&gt;&lt;span style="color:black;background:red;font-weight:normal;font-style:normal"&gt; &lt;/span&gt;&lt;span style="color:turquoise;background:black;font-weight:normal;font-style:normal"&gt;                                              &lt;/span&gt;&lt;span style="color:green;background:black;font-weight:normal;font-style:normal"&gt;       Scroll&lt;/span&gt;&lt;span style="color:turquoise;background:black;font-weight:normal;font-style:normal"&gt; PAGE&lt;/span&gt;&lt;span style="color:green;background:black;font-weight:normal;font-style:normal"&gt; 
&lt;/span&gt;&lt;span style="color:white;background:black;font-weight:bold;font-style:normal"&gt; 4 rows - End of object.                                           &lt;/span&gt;&lt;span style="color:green;background:black;font-weight:normal;font-style:normal"&gt; Format&lt;/span&gt;&lt;span style="color:turquoise;background:black;font-weight:normal;font-style:normal"&gt; TABL&lt;/span&gt;&lt;span style="color:deepSkyBlue;background:black;font-weight:bold;font-style:normal"&gt; 
 CL_STRT_DT CL_END_DT      CL_CRD_APV_AM        CL_CASH_AM                      
 #7         #8                       #10               #12                      
 DATE       DATE           DECIMAL(15,2)     DECIMAL(15,2)                      
 &amp;lt;---+----&amp;gt; &amp;lt;---+----&amp;gt; &amp;lt;---+----1----+-&amp;gt; &amp;lt;---+----1----+-&amp;gt;                      
&lt;/span&gt;&lt;span style="color:deepSkyBlue;background:black;font-weight:normal;font-style:normal"&gt; ****  Top of data  ****                                                        
&lt;/span&gt;&lt;span style="color:turquoise;background:black;font-weight:bold;font-style:normal"&gt; 09.07.2020 31.12.2799           5220.00           5220.00&lt;/span&gt;&lt;span style="color:deepSkyBlue;background:black;font-weight:normal;font-style:normal"&gt;                      
&lt;/span&gt;&lt;span style="color:turquoise;background:black;font-weight:bold;font-style:normal"&gt; 09.07.2020 08.07.2020           5215.00           5215.00&lt;/span&gt;&lt;span style="color:deepSkyBlue;background:black;font-weight:normal;font-style:normal"&gt;                      
&lt;/span&gt;&lt;span style="color:turquoise;background:black;font-weight:bold;font-style:normal"&gt; 09.07.2020 08.07.2020           5210.00           5210.00&lt;/span&gt;&lt;span style="color:deepSkyBlue;background:black;font-weight:normal;font-style:normal"&gt;                      
&lt;/span&gt;&lt;span style="color:turquoise;background:black;font-weight:bold;font-style:normal"&gt; 09.07.2020 08.07.2020           5205.00           5205.00&lt;/span&gt;&lt;span style="color:deepSkyBlue;background:black;font-weight:normal;font-style:normal"&gt;                      
 ****  End of data  ****                                                        
&lt;/span&gt;&lt;span style="color:turquoise;background:black;font-weight:bold;font-style:normal"&gt;                                                                                
                                                                                
                                                                                
                                                                                
                                                                                
                                                                                
                                                                                
                                                                                
                                                                                
                                                                                
                                                                                
                                                                                
                                                                                
                                                                                
                                                                                
                                                                                
                                                                                
                                                                                
                                                                                
                                                                                
                                                                                
                                                                                
                                                                                
                                                                                
                                                                                
                                                                                
                                                                                
                                                                                
&lt;/b&gt;&lt;/span&gt;&lt;/pre&gt;&lt;/td&gt;&lt;/tr&gt;
  &lt;/table&gt;
 &lt;/body&gt;
&lt;/html&gt;
</msg>
<status status="PASS" starttime="20200710 12:02:32.674" endtime="20200710 12:02:32.690"></status>
</kw>
<status status="PASS" starttime="20200710 12:02:25.913" endtime="20200710 12:02:32.690"></status>
</kw>
<kw name="Get out of TSO/CICSK/SAREGKT" library="SharedKeywords">
<doc>Gets out of TSO/CICSK/SAREGKT screen and goes to Menu Tubes with all the sessions.</doc>
<kw name="Send Pf19" library="py3270lib">
<status status="PASS" starttime="20200710 12:02:32.690" endtime="20200710 12:02:32.690"></status>
</kw>
<kw name="Sleep" library="BuiltIn">
<doc>Pauses the test executed for the given time.</doc>
<arguments>
<arg>1</arg>
</arguments>
<msg timestamp="20200710 12:02:33.690" level="INFO">Slept 1 second</msg>
<status status="PASS" starttime="20200710 12:02:32.690" endtime="20200710 12:02:33.690"></status>
</kw>
<status status="PASS" starttime="20200710 12:02:32.690" endtime="20200710 12:02:33.690"></status>
</kw>
<kw name="Log out of TSO session" library="SharedKeywords">
<doc>Logs out of TSO session using *S5TSO* `Sessid`.</doc>
<kw name="Send Pf" library="py3270lib">
<arguments>
<arg>24</arg>
</arguments>
<status status="PASS" starttime="20200710 12:02:33.690" endtime="20200710 12:02:33.690"></status>
</kw>
<kw name="Send Pf7" library="py3270lib">
<status status="PASS" starttime="20200710 12:02:33.690" endtime="20200710 12:02:33.690"></status>
</kw>
<kw name="Fill Field By Label" library="py3270lib">
<arguments>
<arg>Comando ===&gt;</arg>
<arg>FIND S5TSO</arg>
</arguments>
<status status="PASS" starttime="20200710 12:02:33.690" endtime="20200710 12:02:36.315"></status>
</kw>
<kw name="Send Enter" library="py3270lib">
<doc>Send Enter performs the equivalent of pressing Enter on the keyboard in a terminal emulator.
Send Enter additionally performs the equivalent of a human operator in that it notes the current
content of the screen and after pressing enter waits for a change in what is on the screen.</doc>
<status status="PASS" starttime="20200710 12:02:36.315" endtime="20200710 12:02:36.737"></status>
</kw>
<kw name="Find Field" library="py3270lib">
<doc>:returns:  tuple consisting of row, column</doc>
<arguments>
<arg>S5TSO</arg>
<arg>RIGHT</arg>
</arguments>
<msg timestamp="20200710 12:02:37.065" level="INFO">to_right_end=80</msg>
<status status="PASS" starttime="20200710 12:02:36.737" endtime="20200710 12:02:37.174"></status>
</kw>
<kw name="Send String" library="py3270lib">
<doc>Send a string to the screen at the current cursor location or at
screen co-ordinates `ypos`/`xpos` if they are both given.
Co-ordinates are 1 based, as listed in the status area of the
terminal.</doc>
<arguments>
<arg>i</arg>
</arguments>
<status status="PASS" starttime="20200710 12:02:37.174" endtime="20200710 12:02:37.174"></status>
</kw>
<kw name="Send Enter" library="py3270lib">
<doc>Send Enter performs the equivalent of pressing Enter on the keyboard in a terminal emulator.
Send Enter additionally performs the equivalent of a human operator in that it notes the current
content of the screen and after pressing enter waits for a change in what is on the screen.</doc>
<status status="PASS" starttime="20200710 12:02:37.174" endtime="20200710 12:02:37.596"></status>
</kw>
<kw name="Sleep" library="BuiltIn">
<doc>Pauses the test executed for the given time.</doc>
<arguments>
<arg>1</arg>
</arguments>
<msg timestamp="20200710 12:02:38.602" level="INFO">Slept 1 second</msg>
<status status="PASS" starttime="20200710 12:02:37.596" endtime="20200710 12:02:38.602"></status>
</kw>
<status status="PASS" starttime="20200710 12:02:33.690" endtime="20200710 12:02:38.602"></status>
</kw>
<kw name="Test teardown for 03 Setup" library="03SetupKeywords" type="teardown">
<kw name="Get out of TSO/CICSK/SAREGKT" library="SharedKeywords">
<doc>Gets out of TSO/CICSK/SAREGKT screen and goes to Menu Tubes with all the sessions.</doc>
<kw name="Send Pf19" library="py3270lib">
<status status="PASS" starttime="20200710 12:02:38.602" endtime="20200710 12:02:38.602"></status>
</kw>
<kw name="Sleep" library="BuiltIn">
<doc>Pauses the test executed for the given time.</doc>
<arguments>
<arg>1</arg>
</arguments>
<msg timestamp="20200710 12:02:39.602" level="INFO">Slept 1 second</msg>
<status status="PASS" starttime="20200710 12:02:38.602" endtime="20200710 12:02:39.602"></status>
</kw>
<status status="PASS" starttime="20200710 12:02:38.602" endtime="20200710 12:02:39.602"></status>
</kw>
<kw name="Log out of TSO session" library="SharedKeywords">
<doc>Logs out of TSO session using *S5TSO* `Sessid`.</doc>
<kw name="Send Pf" library="py3270lib">
<arguments>
<arg>24</arg>
</arguments>
<status status="PASS" starttime="20200710 12:02:39.602" endtime="20200710 12:02:39.602"></status>
</kw>
<kw name="Send Pf7" library="py3270lib">
<status status="PASS" starttime="20200710 12:02:39.602" endtime="20200710 12:02:39.602"></status>
</kw>
<kw name="Fill Field By Label" library="py3270lib">
<arguments>
<arg>Comando ===&gt;</arg>
<arg>FIND S5TSO</arg>
</arguments>
<status status="PASS" starttime="20200710 12:02:39.602" endtime="20200710 12:02:42.227"></status>
</kw>
<kw name="Send Enter" library="py3270lib">
<doc>Send Enter performs the equivalent of pressing Enter on the keyboard in a terminal emulator.
Send Enter additionally performs the equivalent of a human operator in that it notes the current
content of the screen and after pressing enter waits for a change in what is on the screen.</doc>
<status status="PASS" starttime="20200710 12:02:42.227" endtime="20200710 12:02:42.649"></status>
</kw>
<kw name="Find Field" library="py3270lib">
<doc>:returns:  tuple consisting of row, column</doc>
<arguments>
<arg>S5TSO</arg>
<arg>RIGHT</arg>
</arguments>
<msg timestamp="20200710 12:02:42.977" level="INFO">to_right_end=80</msg>
<status status="PASS" starttime="20200710 12:02:42.649" endtime="20200710 12:02:43.087"></status>
</kw>
<kw name="Send String" library="py3270lib">
<doc>Send a string to the screen at the current cursor location or at
screen co-ordinates `ypos`/`xpos` if they are both given.
Co-ordinates are 1 based, as listed in the status area of the
terminal.</doc>
<arguments>
<arg>i</arg>
</arguments>
<status status="PASS" starttime="20200710 12:02:43.087" endtime="20200710 12:02:43.087"></status>
</kw>
<kw name="Send Enter" library="py3270lib">
<doc>Send Enter performs the equivalent of pressing Enter on the keyboard in a terminal emulator.
Send Enter additionally performs the equivalent of a human operator in that it notes the current
content of the screen and after pressing enter waits for a change in what is on the screen.</doc>
<status status="PASS" starttime="20200710 12:02:43.087" endtime="20200710 12:02:43.508"></status>
</kw>
<kw name="Sleep" library="BuiltIn">
<doc>Pauses the test executed for the given time.</doc>
<arguments>
<arg>1</arg>
</arguments>
<msg timestamp="20200710 12:02:44.508" level="INFO">Slept 1 second</msg>
<status status="PASS" starttime="20200710 12:02:43.508" endtime="20200710 12:02:44.508"></status>
</kw>
<status status="PASS" starttime="20200710 12:02:39.602" endtime="20200710 12:02:44.508"></status>
</kw>
<kw name="Log out of CICSK session" library="SharedKeywords">
<doc>Logs out of CICSK session using name of CICSK (e.g. CK35) that is set in `Set environment` Keyword.</doc>
<kw name="Send Pf" library="py3270lib">
<arguments>
<arg>24</arg>
</arguments>
<status status="PASS" starttime="20200710 12:02:44.508" endtime="20200710 12:02:44.508"></status>
</kw>
<kw name="Send Pf7" library="py3270lib">
<status status="PASS" starttime="20200710 12:02:44.508" endtime="20200710 12:02:44.508"></status>
</kw>
<kw name="Fill Field By Label" library="py3270lib">
<arguments>
<arg>Comando ===&gt;</arg>
<arg>FIND &amp;{environment}[cicsk]</arg>
</arguments>
<status status="PASS" starttime="20200710 12:02:44.508" endtime="20200710 12:02:47.134"></status>
</kw>
<kw name="Send Enter" library="py3270lib">
<doc>Send Enter performs the equivalent of pressing Enter on the keyboard in a terminal emulator.
Send Enter additionally performs the equivalent of a human operator in that it notes the current
content of the screen and after pressing enter waits for a change in what is on the screen.</doc>
<status status="PASS" starttime="20200710 12:02:47.134" endtime="20200710 12:02:47.555"></status>
</kw>
<kw name="Find Field" library="py3270lib">
<doc>:returns:  tuple consisting of row, column</doc>
<arguments>
<arg>&amp;{environment}[cicsk]</arg>
<arg>RIGHT</arg>
</arguments>
<msg timestamp="20200710 12:02:47.884" level="INFO">to_right_end=80</msg>
<status status="PASS" starttime="20200710 12:02:47.555" endtime="20200710 12:02:47.993"></status>
</kw>
<kw name="Send String" library="py3270lib">
<doc>Send a string to the screen at the current cursor location or at
screen co-ordinates `ypos`/`xpos` if they are both given.
Co-ordinates are 1 based, as listed in the status area of the
terminal.</doc>
<arguments>
<arg>i</arg>
</arguments>
<status status="PASS" starttime="20200710 12:02:47.993" endtime="20200710 12:02:47.993"></status>
</kw>
<kw name="Send Enter" library="py3270lib">
<doc>Send Enter performs the equivalent of pressing Enter on the keyboard in a terminal emulator.
Send Enter additionally performs the equivalent of a human operator in that it notes the current
content of the screen and after pressing enter waits for a change in what is on the screen.</doc>
<status status="PASS" starttime="20200710 12:02:47.993" endtime="20200710 12:02:48.415"></status>
</kw>
<kw name="Sleep" library="BuiltIn">
<doc>Pauses the test executed for the given time.</doc>
<arguments>
<arg>1</arg>
</arguments>
<msg timestamp="20200710 12:02:49.419" level="INFO">Slept 1 second</msg>
<status status="PASS" starttime="20200710 12:02:48.415" endtime="20200710 12:02:49.419"></status>
</kw>
<status status="PASS" starttime="20200710 12:02:44.508" endtime="20200710 12:02:49.419"></status>
</kw>
<kw name="Log out of mainframe" library="SharedKeywords">
<doc>Logs out of mainframe.</doc>
<kw name="Fill Field By Label" library="py3270lib">
<arguments>
<arg>Comando ===&gt;</arg>
<arg>logoff</arg>
</arguments>
<status status="PASS" starttime="20200710 12:02:49.419" endtime="20200710 12:02:49.856"></status>
</kw>
<kw name="Send Enter" library="py3270lib">
<doc>Send Enter performs the equivalent of pressing Enter on the keyboard in a terminal emulator.
Send Enter additionally performs the equivalent of a human operator in that it notes the current
content of the screen and after pressing enter waits for a change in what is on the screen.</doc>
<status status="PASS" starttime="20200710 12:02:49.856" endtime="20200710 12:02:50.278"></status>
</kw>
<status status="PASS" starttime="20200710 12:02:49.419" endtime="20200710 12:02:50.278"></status>
</kw>
<status status="PASS" starttime="20200710 12:02:38.602" endtime="20200710 12:02:50.278"></status>
</kw>
<status status="PASS" starttime="20200710 12:00:02.108" endtime="20200710 12:02:50.278" critical="yes"></status>
</test>
<status status="PASS" starttime="20200710 12:00:01.623" endtime="20200710 12:02:50.278"></status>
</suite>
<statistics>
<total>
<stat pass="1" fail="0">Critical Tests</stat>
<stat pass="1" fail="0">All Tests</stat>
</total>
<tag>
</tag>
<suite>
<stat pass="1" fail="0" id="s1" name="3dot4CrLineMaintenance">3dot4CrLineMaintenance</stat>
</suite>
</statistics>
<errors>
<msg timestamp="20200710 12:00:02.014" level="ERROR">Error in file 'C:\RobotFramework\PyCharm\NEXI\SharedKeywords.robot': Importing test library 'builtin' failed: ModuleNotFoundError: No module named 'builtin'
Traceback (most recent call last):
  None
PYTHONPATH:
  C:\Program Files\Python38\Scripts\robot.exe
  C:\RobotFramework\rf-libraries
  c:\program files\python38\python38.zip
  c:\program files\python38\DLLs
  c:\program files\python38\lib
  c:\program files\python38
  c:\program files\python38\lib\site-packages
  c:\program files\python38\lib\site-packages\win32
  c:\program files\python38\lib\site-packages\win32\lib
  c:\program files\python38\lib\site-packages\Pythonwin</msg>
<msg timestamp="20200710 12:00:02.076" level="ERROR">Error in file 'C:\RobotFramework\PyCharm\NEXI\Environments.robot': Importing test library 'builtin' failed: ModuleNotFoundError: No module named 'builtin'
Traceback (most recent call last):
  None
PYTHONPATH:
  C:\Program Files\Python38\Scripts\robot.exe
  C:\RobotFramework\rf-libraries
  c:\program files\python38\python38.zip
  c:\program files\python38\DLLs
  c:\program files\python38\lib
  c:\program files\python38
  c:\program files\python38\lib\site-packages
  c:\program files\python38\lib\site-packages\win32
  c:\program files\python38\lib\site-packages\win32\lib
  c:\program files\python38\lib\site-packages\Pythonwin</msg>
<msg timestamp="20200710 12:00:03.139" level="WARN">[WinError 10061] No connection could be made because the target machine actively refused it</msg>
<msg timestamp="20200710 12:00:05.180" level="WARN">[WinError 10061] No connection could be made because the target machine actively refused it</msg>
<msg timestamp="20200710 12:00:07.212" level="WARN">[WinError 10061] No connection could be made because the target machine actively refused it</msg>
<msg timestamp="20200710 12:00:09.232" level="WARN">[WinError 10061] No connection could be made because the target machine actively refused it</msg>
<msg timestamp="20200710 12:00:11.248" level="WARN">[WinError 10061] No connection could be made because the target machine actively refused it</msg>
</errors>
</robot>
